0 info it worked if it ends with ok
1 verbose cli [ '/usr/local/bin/node',
1 verbose cli   '/usr/local/bin/npm',
1 verbose cli   '--proxy',
1 verbose cli   'http://nsia\\invite.nsiaci:AssurNsi@@172.16.192.28:8080',
1 verbose cli   'install',
1 verbose cli   'material-ui',
1 verbose cli   '--save' ]
2 info using npm@3.8.6
3 info using node@v5.9.0
4 silly loadCurrentTree Starting
5 silly install loadCurrentTree
6 silly install readLocalPackageData
7 silly fetchPackageMetaData material-ui
8 silly fetchNamedPackageData material-ui
9 silly mapToRegistry name material-ui
10 silly mapToRegistry using default registry
11 silly mapToRegistry registry http://registry.npmjs.org/
12 silly mapToRegistry data Result {
12 silly mapToRegistry   raw: 'material-ui',
12 silly mapToRegistry   scope: null,
12 silly mapToRegistry   name: 'material-ui',
12 silly mapToRegistry   rawSpec: '',
12 silly mapToRegistry   spec: 'latest',
12 silly mapToRegistry   type: 'tag' }
13 silly mapToRegistry uri http://registry.npmjs.org/material-ui
14 verbose request uri http://registry.npmjs.org/material-ui
15 verbose request no auth needed
16 info attempt registry request try #1 at 13:11:31
17 verbose request id 0a3503b1221e2daa
18 http request GET http://registry.npmjs.org/material-ui
19 info retry will retry, error on last attempt: Error: getaddrinfo ENOTFOUND nsia nsia:80
20 info attempt registry request try #2 at 13:12:11
21 http request GET http://registry.npmjs.org/material-ui
22 info retry will retry, error on last attempt: Error: getaddrinfo ENOTFOUND nsia nsia:80
23 info attempt registry request try #3 at 13:13:41
24 http request GET http://registry.npmjs.org/material-ui
25 silly fetchPackageMetaData Error: getaddrinfo ENOTFOUND nsia nsia:80
25 silly fetchPackageMetaData     at errnoException (dns.js:26:10)
25 silly fetchPackageMetaData     at GetAddrInfoReqWrap.onlookup [as oncomplete] (dns.js:77:26)
25 silly fetchPackageMetaData  error for material-ui { [Error: getaddrinfo ENOTFOUND nsia nsia:80]
25 silly fetchPackageMetaData   code: 'ENOTFOUND',
25 silly fetchPackageMetaData   errno: 'ENOTFOUND',
25 silly fetchPackageMetaData   syscall: 'getaddrinfo',
25 silly fetchPackageMetaData   hostname: 'nsia',
25 silly fetchPackageMetaData   host: 'nsia',
25 silly fetchPackageMetaData   port: 80 }
26 silly rollbackFailedOptional Starting
27 silly rollbackFailedOptional Finishing
28 silly runTopLevelLifecycles Starting
29 silly runTopLevelLifecycles Finishing
30 silly install printInstalled
31 verbose stack Error: getaddrinfo ENOTFOUND nsia nsia:80
31 verbose stack     at errnoException (dns.js:26:10)
31 verbose stack     at GetAddrInfoReqWrap.onlookup [as oncomplete] (dns.js:77:26)
32 verbose cwd /Users/zehijeanjacquesthibaut/Desktop/TRIZ_DIGITAL/WEBAPPS_MOBILE_APPS/NSIA/AgenceNumerique
33 error Darwin 15.5.0
34 error argv "/usr/local/bin/node" "/usr/local/bin/npm" "--proxy" "http://nsia\\invite.nsiaci:AssurNsi@@172.16.192.28:8080" "install" "material-ui" "--save"
35 error node v5.9.0
36 error npm  v3.8.6
37 error code ENOTFOUND
38 error errno ENOTFOUND
39 error syscall getaddrinfo
40 error network getaddrinfo ENOTFOUND nsia nsia:80
41 error network This is most likely not a problem with npm itself
41 error network and is related to network connectivity.
41 error network In most cases you are behind a proxy or have bad network settings.
41 error network
41 error network If you are behind a proxy, please make sure that the
41 error network 'proxy' config is set properly.  See: 'npm help config'
42 verbose exit [ 1, true ]
